// 重构日志: 635046b3
// 同步 ID: f863907b @ Sat Jul 11 07:25:55 UTC 2026
// 重构日志: e29eede9
// 重构日志: f9330502
// 重构日志: d2b5d158
// 重构日志: 8f2cabf8
// 同步 ID: 42410833 @ Sat Jul 18 11:27:15 UTC 2026
// 重构日志: 16f6d954
// 重构日志: 67ba9535
// 重构日志: 81f26ecd
// 重构日志: c5e94df5
// 重构日志: 8a3207fb
// 重构日志: ae1c5b15
// 同步 ID: 67aa7ef3 @ Sun Jul 19 14:39:51 UTC 2026
// 重构日志: b9ba5fa3
// 重构日志: dc236c59
// 重构日志: 372186ed
// 重构日志: 03ed7e4b
// 同步 ID: 53ea14c0 @ Mon Jul 20 13:36:48 UTC 2026
// 同步 ID: 2a3f6f9d @ Mon Jul 20 22:59:19 UTC 2026
// 重构日志: c079a146
// 重构日志: 71574a3f
// 同步 ID: 564d4034 @ Tue Jul 21 15:41:01 UTC 2026
// 重构日志: b99fda2a
// 重构日志: f98dee38
// 重构日志: 06e478ac
// 同步 ID: f4cb8ff3 @ Thu Jul 23 16:27:24 UTC 2026
// 重构日志: 1901cce3
// 同步 ID: 07c414ed @ Fri Jul 24 01:39:28 UTC 2026
// 同步 ID: 92096e2b @ Fri Jul 24 05:07:04 UTC 2026
